2025-10-03 20:27:23,175 | __main__             | DEBUG    | temp.py:63 | 开始处理数据，记录数: 99
2025-10-03 20:27:23,179 | __main__             | INFO     | temp.py:67 | 数据处理进度: 50%
2025-10-03 20:27:23,179 | __main__             | INFO     | temp.py:71 | 操作完成
DEBUG    | temp.py:63|
开始处理数据，记录数: 99
INFO     | temp.py:67|
数据处理进度: 50%
INFO     | temp.py:71|
操作完成
DEBUG    | temp.py:63|开始处理数据，记录数: 99
INFO     | temp.py:67|数据处理进度: 50%
INFO     | temp.py:71|操作完成
DEBUG | temp.py:63| 开始处理数据，记录数: 99
INFO  | temp.py:67| 数据处理进度: 50%
INFO  | temp.py:71| 操作完成
DEBUG|temp.py:63| 开始处理数据，记录数: 99
INFO |temp.py:67| 数据处理进度: 50%
INFO |temp.py:71| 操作完成
DEBUG |temp.py:63 | 开始处理数据，记录数: 99
INFO  |temp.py:67 | 数据处理进度: 50%
INFO  |temp.py:71 | 操作完成
temp.py:63 |DEBUG | 开始处理数据，记录数: 99
temp.py:67 |INFO  | 数据处理进度: 50%
temp.py:71 |INFO  | 操作完成
temp.py:63 | DEBUG | 开始处理数据，记录数: 99
temp.py:67 | INFO  | 数据处理进度: 50%
temp.py:71 | INFO  | 操作完成
[DEBUG] | temp.py:63 | 开始处理数据，记录数: 99
[INFO ] | temp.py:67 | 数据处理进度: 50%
[INFO ] | temp.py:71 | 操作完成
[DEBUG@temp.py:63] |开始处理数据，记录数: 99
[INFO @temp.py:67] |数据处理进度: 50%
[INFO @temp.py:71] |操作完成
[DEBUG@temp.py:62] 开始处理数据，记录数: 99
[INFO @temp.py:66] 数据处理进度: 50%
[INFO @temp.py:70] 操作完成
[DEBUG @temp.py:62] 开始处理数据，记录数: 99
[INFO  @temp.py:66] 数据处理进度: 50%
[INFO  @temp.py:70] 操作完成
[DEBUG @ temp.py:62] 开始处理数据，记录数: 99
[INFO  @ temp.py:66] 数据处理进度: 50%
[INFO  @ temp.py:70] 操作完成
[DEBUG @ temp.py:62] 开始处理数据，记录数: 99
[INFO  @ temp.py:65] 数据处理进度: 50%
[INFO  @ temp.py:66] 操作完成
